<?xml version="1.0" encoding="UTF-8"?>
<!-- Generated by org.testng.reporters.JUnitReportReporter -->
<testsuite hostname="LAPTOP-UBS9P1CF" failures="0" tests="1" name="com.cucumber.runner.RunnerFile" time="6.411" errors="0" timestamp="2022-02-16T22:49:17 EST" skipped="0">
  <testcase classname="com.cucumber.runner.RunnerFile" name="runScenario" time="6.411"/>
  <system-out/>
</testsuite> <!-- com.cucumber.runner.RunnerFile -->
